<?xml version="1.0" encoding="UTF-8"?>
<testsuite name="baseline.Solution38Test" tests="1" skipped="0" failures="0" errors="0" timestamp="2021-10-03T20:16:37" hostname="DESKTOP-BKLQ23J" time="0.036">
  <properties/>
  <testcase name="test_isEven()" classname="baseline.Solution38Test" time="0.036"/>
  <system-out><![CDATA[]]></system-out>
  <system-err><![CDATA[]]></system-err>
</testsuite>
