<?xml version="1.0" encoding="UTF-8"?>
<testsuite name="baseline.Solution24Test" tests="3" skipped="0" failures="0" errors="0" timestamp="2021-10-02T01:26:48" hostname="DESKTOP-BKLQ23J" time="0.029">
  <properties/>
  <testcase name="test_isAnagram()" classname="baseline.Solution24Test" time="0.026"/>
  <testcase name="test_sortString1()" classname="baseline.Solution24Test" time="0.002"/>
  <testcase name="test_sortString2()" classname="baseline.Solution24Test" time="0.001"/>
  <system-out><![CDATA[]]></system-out>
  <system-err><![CDATA[]]></system-err>
</testsuite>
