<?xml version="1.0" encoding="UTF-8"?>
<testsuite name="baseline.Solution37Test" tests="2" skipped="0" failures="0" errors="0" timestamp="2021-10-03T20:11:05" hostname="DESKTOP-BKLQ23J" time="0.028">
  <properties/>
  <testcase name="test_totalLetters1()" classname="baseline.Solution37Test" time="0.026"/>
  <testcase name="test_totalLetters2()" classname="baseline.Solution37Test" time="0.001"/>
  <system-out><![CDATA[]]></system-out>
  <system-err><![CDATA[]]></system-err>
</testsuite>
