<?xml version="1.0" encoding="UTF-8"?>
<testsuite name="baseline.Solution32Test" tests="3" skipped="0" failures="0" errors="0" timestamp="2021-10-02T19:31:22" hostname="DESKTOP-BKLQ23J" time="0.032">
  <properties/>
  <testcase name="test_numberPicker1()" classname="baseline.Solution32Test" time="0.028"/>
  <testcase name="test_numberPicker2()" classname="baseline.Solution32Test" time="0.002"/>
  <testcase name="test_numberPicker3()" classname="baseline.Solution32Test" time="0.002"/>
  <system-out><![CDATA[]]></system-out>
  <system-err><![CDATA[]]></system-err>
</testsuite>
