<?xml version="1.0" encoding="UTF-8"?>
<testsuite name="baseline.Solution28Test" tests="1" skipped="0" failures="0" errors="0" timestamp="2021-10-02T13:40:51" hostname="DESKTOP-BKLQ23J" time="0.027">
  <properties/>
  <testcase name="test_calcArraySum()" classname="baseline.Solution28Test" time="0.027"/>
  <system-out><![CDATA[]]></system-out>
  <system-err><![CDATA[]]></system-err>
</testsuite>
