<?xml version="1.0" encoding="UTF-8"?>
<testsuite name="baseline.Solution36Test" tests="1" skipped="0" failures="0" errors="0" timestamp="2021-10-03T20:03:41" hostname="DESKTOP-BKLQ23J" time="0.028">
  <properties/>
  <testcase name="test_average()" classname="baseline.Solution36Test" time="0.028"/>
  <system-out><![CDATA[]]></system-out>
  <system-err><![CDATA[]]></system-err>
</testsuite>
