<?xml version="1.0" encoding="UTF-8"?>
<testsuite name="baseline.Solution33Test" tests="1" skipped="0" failures="0" errors="0" timestamp="2021-10-02T19:33:42" hostname="DESKTOP-BKLQ23J" time="0.026">
  <properties/>
  <testcase name="test_numberPicker1()" classname="baseline.Solution33Test" time="0.026"/>
  <system-out><![CDATA[]]></system-out>
  <system-err><![CDATA[]]></system-err>
</testsuite>
