<?xml version="1.0" encoding="UTF-8"?>
<testsuite name="baseline.Solution34Test" tests="2" skipped="0" failures="0" errors="0" timestamp="2021-10-02T19:49:46" hostname="DESKTOP-BKLQ23J" time="0.027">
  <properties/>
  <testcase name="test_listContents1()" classname="baseline.Solution34Test" time="0.025"/>
  <testcase name="test_listContents2()" classname="baseline.Solution34Test" time="0.002"/>
  <system-out><![CDATA[]]></system-out>
  <system-err><![CDATA[]]></system-err>
</testsuite>
