<?xml version="1.0" encoding="UTF-8"?>
<testsuite name="baseline.Solution29Test" tests="1" skipped="0" failures="0" errors="0" timestamp="2021-10-02T13:48:13" hostname="DESKTOP-BKLQ23J" time="0.019">
  <properties/>
  <testcase name="test_calcTime()" classname="baseline.Solution29Test" time="0.019"/>
  <system-out><![CDATA[]]></system-out>
  <system-err><![CDATA[]]></system-err>
</testsuite>
