<?xml version="1.0" encoding="UTF-8"?>
<testsuite name="baseline.Solution27Test" tests="7" skipped="0" failures="0" errors="0" timestamp="2021-10-02T13:37:16" hostname="DESKTOP-BKLQ23J" time="0.05">
  <properties/>
  <testcase name="test_validName1()" classname="baseline.Solution27Test" time="0.031"/>
  <testcase name="test_validName2()" classname="baseline.Solution27Test" time="0.009"/>
  <testcase name="test_validZip1()" classname="baseline.Solution27Test" time="0.001"/>
  <testcase name="test_validZip2()" classname="baseline.Solution27Test" time="0.001"/>
  <testcase name="test_validZip3()" classname="baseline.Solution27Test" time="0.0"/>
  <testcase name="test_validID1()" classname="baseline.Solution27Test" time="0.002"/>
  <testcase name="test_validID2()" classname="baseline.Solution27Test" time="0.001"/>
  <system-out><![CDATA[]]></system-out>
  <system-err><![CDATA[]]></system-err>
</testsuite>
